2017-07-04 12:24:26 [INFO] [database] SELECT * FROM REPORT_TABLE WHERE CLASSES='PS-B' AND YEARS='2017' AND SEMESTERS='Summer'
2017-07-04 12:24:26 [INFO] [database] SELECT * FROM REPORT_TABLE WHERE CLASSES='PS-A' AND YEARS='2017' AND SEMESTERS='Summer'
2017-07-04 12:24:26 [INFO] [database] SELECT * FROM REPORT_TABLE WHERE CLASSES='IS-C' AND YEARS='2017' AND SEMESTERS='Summer'
2017-07-04 12:24:26 [INFO] [database] SELECT * FROM REPORT_TABLE WHERE CLASSES='IS-A' AND YEARS='2017' AND SEMESTERS='Summer'
2017-07-04 12:24:26 [INFO] [database] SELECT * FROM REPORT_TABLE WHERE CLASSES='HS-D Eng' AND YEARS='2017' AND SEMESTERS='Summer'
2017-07-04 12:24:26 [INFO] [database] SELECT * FROM REPORT_TABLE WHERE CLASSES='HS-D1' AND YEARS='2017' AND SEMESTERS='Summer'
2017-07-04 12:24:26 [INFO] [database] SELECT * FROM REPORT_TABLE WHERE CLASSES='HS-D2' AND YEARS='2017' AND SEMESTERS='Summer'
2017-07-04 12:24:26 [INFO] [database] SELECT * FROM REPORT_TABLE WHERE CLASSES='HS-C1' AND YEARS='2017' AND SEMESTERS='Summer'
2017-07-04 12:24:26 [INFO] [database] SELECT * FROM REPORT_TABLE WHERE CLASSES='HS-C2' AND YEARS='2017' AND SEMESTERS='Summer'
2017-07-04 12:24:26 [INFO] [database] SELECT * FROM REPORT_TABLE WHERE CLASSES='HS-B' AND YEARS='2017' AND SEMESTERS='Summer'
2017-07-04 14:21:51 [INFO] [database] SELECT * FROM REPORT_TABLE WHERE CLASSES='PS-B' AND YEARS='2017' AND SEMESTERS='Spring'
2017-07-04 14:21:51 [INFO] [database] SELECT * FROM REPORT_TABLE WHERE CLASSES='PS-A' AND YEARS='2017' AND SEMESTERS='Spring'
2017-07-04 14:21:51 [INFO] [database] SELECT * FROM REPORT_TABLE WHERE CLASSES='IS-C' AND YEARS='2017' AND SEMESTERS='Spring'
2017-07-04 14:21:51 [INFO] [database] SELECT * FROM REPORT_TABLE WHERE CLASSES='IS-A' AND YEARS='2017' AND SEMESTERS='Spring'
2017-07-04 14:21:51 [INFO] [database] SELECT * FROM REPORT_TABLE WHERE CLASSES='HS-D Eng' AND YEARS='2017' AND SEMESTERS='Spring'
2017-07-04 14:21:51 [INFO] [database] SELECT * FROM REPORT_TABLE WHERE CLASSES='HS-D1' AND YEARS='2017' AND SEMESTERS='Spring'
2017-07-04 14:21:51 [INFO] [database] SELECT * FROM REPORT_TABLE WHERE CLASSES='HS-D2' AND YEARS='2017' AND SEMESTERS='Spring'
2017-07-04 14:21:51 [INFO] [database] SELECT * FROM REPORT_TABLE WHERE CLASSES='HS-C1' AND YEARS='2017' AND SEMESTERS='Spring'
2017-07-04 14:21:51 [INFO] [database] SELECT * FROM REPORT_TABLE WHERE CLASSES='HS-C2' AND YEARS='2017' AND SEMESTERS='Spring'
2017-07-04 14:21:51 [INFO] [database] SELECT * FROM REPORT_TABLE WHERE CLASSES='HS-B' AND YEARS='2017' AND SEMESTERS='Spring'
2017-07-04 14:21:54 [INFO] [database] SELECT * FROM REPORT_TABLE WHERE CLASSES='PS-B' AND YEARS='2017' AND SEMESTERS='Spring'
2017-07-04 14:21:54 [INFO] [database] SELECT * FROM REPORT_TABLE WHERE CLASSES='PS-B' AND YEARS='2017' AND SEMESTERS='Spring'
2017-07-04 14:21:54 [INFO] [database] SELECT * FROM REPORT_TABLE WHERE CLASSES='PS-A' AND YEARS='2017' AND SEMESTERS='Spring'
2017-07-04 14:21:54 [INFO] [database] SELECT * FROM REPORT_TABLE WHERE CLASSES='IS-C' AND YEARS='2017' AND SEMESTERS='Spring'
2017-07-04 14:21:55 [INFO] [database] SELECT * FROM REPORT_TABLE WHERE CLASSES='IS-A' AND YEARS='2017' AND SEMESTERS='Spring'
2017-07-04 14:21:55 [INFO] [database] SELECT * FROM REPORT_TABLE WHERE CLASSES='HS-D Eng' AND YEARS='2017' AND SEMESTERS='Spring'
2017-07-04 14:21:55 [INFO] [database] SELECT * FROM REPORT_TABLE WHERE CLASSES='HS-D1' AND YEARS='2017' AND SEMESTERS='Spring'
2017-07-04 14:21:55 [INFO] [database] SELECT * FROM REPORT_TABLE WHERE CLASSES='HS-D2' AND YEARS='2017' AND SEMESTERS='Spring'
2017-07-04 14:21:55 [INFO] [database] SELECT * FROM REPORT_TABLE WHERE CLASSES='HS-C1' AND YEARS='2017' AND SEMESTERS='Spring'
2017-07-04 14:21:55 [INFO] [database] SELECT * FROM REPORT_TABLE WHERE CLASSES='HS-C2' AND YEARS='2017' AND SEMESTERS='Spring'
2017-07-04 14:21:55 [INFO] [database] SELECT * FROM REPORT_TABLE WHERE CLASSES='HS-B' AND YEARS='2017' AND SEMESTERS='Spring'
2017-07-04 14:21:58 [INFO] [database] SELECT * FROM REPORT_TABLE WHERE CLASSES='PS-A' AND YEARS='2017' AND SEMESTERS='Spring'
2017-07-04 14:21:58 [INFO] [database] SELECT * FROM REPORT_TABLE WHERE CLASSES='PS-B' AND YEARS='2017' AND SEMESTERS='Spring'
2017-07-04 14:21:58 [INFO] [database] SELECT * FROM REPORT_TABLE WHERE CLASSES='PS-A' AND YEARS='2017' AND SEMESTERS='Spring'
2017-07-04 14:21:58 [INFO] [database] SELECT * FROM REPORT_TABLE WHERE CLASSES='IS-C' AND YEARS='2017' AND SEMESTERS='Spring'
2017-07-04 14:21:58 [INFO] [database] SELECT * FROM REPORT_TABLE WHERE CLASSES='IS-A' AND YEARS='2017' AND SEMESTERS='Spring'
2017-07-04 14:21:58 [INFO] [database] SELECT * FROM REPORT_TABLE WHERE CLASSES='HS-D Eng' AND YEARS='2017' AND SEMESTERS='Spring'
2017-07-04 14:21:58 [INFO] [database] SELECT * FROM REPORT_TABLE WHERE CLASSES='HS-D1' AND YEARS='2017' AND SEMESTERS='Spring'
2017-07-04 14:21:58 [INFO] [database] SELECT * FROM REPORT_TABLE WHERE CLASSES='HS-D2' AND YEARS='2017' AND SEMESTERS='Spring'
2017-07-04 14:21:58 [INFO] [database] SELECT * FROM REPORT_TABLE WHERE CLASSES='HS-C1' AND YEARS='2017' AND SEMESTERS='Spring'
2017-07-04 14:21:58 [INFO] [database] SELECT * FROM REPORT_TABLE WHERE CLASSES='HS-C2' AND YEARS='2017' AND SEMESTERS='Spring'
2017-07-04 14:21:58 [INFO] [database] SELECT * FROM REPORT_TABLE WHERE CLASSES='HS-B' AND YEARS='2017' AND SEMESTERS='Spring'
2017-07-04 14:22:06 [INFO] [database] SELECT * FROM REPORT_TABLE WHERE CLASSES='IS-C' AND YEARS='2017' AND SEMESTERS='Spring'
2017-07-04 14:22:06 [INFO] [database] SELECT * FROM REPORT_TABLE WHERE CLASSES='PS-B' AND YEARS='2017' AND SEMESTERS='Spring'
2017-07-04 14:22:06 [INFO] [database] SELECT * FROM REPORT_TABLE WHERE CLASSES='PS-A' AND YEARS='2017' AND SEMESTERS='Spring'
2017-07-04 14:22:06 [INFO] [database] SELECT * FROM REPORT_TABLE WHERE CLASSES='IS-C' AND YEARS='2017' AND SEMESTERS='Spring'
2017-07-04 14:22:06 [INFO] [database] SELECT * FROM REPORT_TABLE WHERE CLASSES='IS-A' AND YEARS='2017' AND SEMESTERS='Spring'
2017-07-04 14:22:06 [INFO] [database] SELECT * FROM REPORT_TABLE WHERE CLASSES='HS-D Eng' AND YEARS='2017' AND SEMESTERS='Spring'
2017-07-04 14:22:06 [INFO] [database] SELECT * FROM REPORT_TABLE WHERE CLASSES='HS-D1' AND YEARS='2017' AND SEMESTERS='Spring'
2017-07-04 14:22:06 [INFO] [database] SELECT * FROM REPORT_TABLE WHERE CLASSES='HS-D2' AND YEARS='2017' AND SEMESTERS='Spring'
2017-07-04 14:22:06 [INFO] [database] SELECT * FROM REPORT_TABLE WHERE CLASSES='HS-C1' AND YEARS='2017' AND SEMESTERS='Spring'
2017-07-04 14:22:06 [INFO] [database] SELECT * FROM REPORT_TABLE WHERE CLASSES='HS-C2' AND YEARS='2017' AND SEMESTERS='Spring'
2017-07-04 14:22:06 [INFO] [database] SELECT * FROM REPORT_TABLE WHERE CLASSES='HS-B' AND YEARS='2017' AND SEMESTERS='Spring'
2017-07-04 14:22:13 [INFO] [database] SELECT * FROM REPORT_TABLE WHERE CLASSES='IS-A' AND YEARS='2017' AND SEMESTERS='Spring'
2017-07-04 14:22:13 [INFO] [database] SELECT * FROM REPORT_TABLE WHERE CLASSES='PS-B' AND YEARS='2017' AND SEMESTERS='Spring'
2017-07-04 14:22:13 [INFO] [database] SELECT * FROM REPORT_TABLE WHERE CLASSES='PS-A' AND YEARS='2017' AND SEMESTERS='Spring'
2017-07-04 14:22:13 [INFO] [database] SELECT * FROM REPORT_TABLE WHERE CLASSES='IS-C' AND YEARS='2017' AND SEMESTERS='Spring'
2017-07-04 14:22:13 [INFO] [database] SELECT * FROM REPORT_TABLE WHERE CLASSES='IS-A' AND YEARS='2017' AND SEMESTERS='Spring'
2017-07-04 14:22:13 [INFO] [database] SELECT * FROM REPORT_TABLE WHERE CLASSES='HS-D Eng' AND YEARS='2017' AND SEMESTERS='Spring'
2017-07-04 14:22:13 [INFO] [database] SELECT * FROM REPORT_TABLE WHERE CLASSES='HS-D1' AND YEARS='2017' AND SEMESTERS='Spring'
2017-07-04 14:22:13 [INFO] [database] SELECT * FROM REPORT_TABLE WHERE CLASSES='HS-D2' AND YEARS='2017' AND SEMESTERS='Spring'
2017-07-04 14:22:13 [INFO] [database] SELECT * FROM REPORT_TABLE WHERE CLASSES='HS-C1' AND YEARS='2017' AND SEMESTERS='Spring'
2017-07-04 14:22:13 [INFO] [database] SELECT * FROM REPORT_TABLE WHERE CLASSES='HS-C2' AND YEARS='2017' AND SEMESTERS='Spring'
2017-07-04 14:22:13 [INFO] [database] SELECT * FROM REPORT_TABLE WHERE CLASSES='HS-B' AND YEARS='2017' AND SEMESTERS='Spring'
2017-07-04 14:22:16 [INFO] [database] SELECT * FROM REPORT_TABLE WHERE CLASSES='HS-D Eng' AND YEARS='2017' AND SEMESTERS='Spring'
2017-07-04 14:22:16 [INFO] [database] SELECT * FROM REPORT_TABLE WHERE CLASSES='PS-B' AND YEARS='2017' AND SEMESTERS='Spring'
2017-07-04 14:22:16 [INFO] [database] SELECT * FROM REPORT_TABLE WHERE CLASSES='PS-A' AND YEARS='2017' AND SEMESTERS='Spring'
2017-07-04 14:22:16 [INFO] [database] SELECT * FROM REPORT_TABLE WHERE CLASSES='IS-C' AND YEARS='2017' AND SEMESTERS='Spring'
2017-07-04 14:22:16 [INFO] [database] SELECT * FROM REPORT_TABLE WHERE CLASSES='IS-A' AND YEARS='2017' AND SEMESTERS='Spring'
2017-07-04 14:22:16 [INFO] [database] SELECT * FROM REPORT_TABLE WHERE CLASSES='HS-D Eng' AND YEARS='2017' AND SEMESTERS='Spring'
2017-07-04 14:22:16 [INFO] [database] SELECT * FROM REPORT_TABLE WHERE CLASSES='HS-D1' AND YEARS='2017' AND SEMESTERS='Spring'
2017-07-04 14:22:16 [INFO] [database] SELECT * FROM REPORT_TABLE WHERE CLASSES='HS-D2' AND YEARS='2017' AND SEMESTERS='Spring'
2017-07-04 14:22:16 [INFO] [database] SELECT * FROM REPORT_TABLE WHERE CLASSES='HS-C1' AND YEARS='2017' AND SEMESTERS='Spring'
2017-07-04 14:22:16 [INFO] [database] SELECT * FROM REPORT_TABLE WHERE CLASSES='HS-C2' AND YEARS='2017' AND SEMESTERS='Spring'
2017-07-04 14:22:16 [INFO] [database] SELECT * FROM REPORT_TABLE WHERE CLASSES='HS-B' AND YEARS='2017' AND SEMESTERS='Spring'
2017-07-04 14:22:22 [INFO] [database] SELECT * FROM REPORT_TABLE WHERE CLASSES='HS-D1' AND YEARS='2017' AND SEMESTERS='Spring'
2017-07-04 14:22:22 [INFO] [database] SELECT * FROM REPORT_TABLE WHERE CLASSES='PS-B' AND YEARS='2017' AND SEMESTERS='Spring'
2017-07-04 14:22:22 [INFO] [database] SELECT * FROM REPORT_TABLE WHERE CLASSES='PS-A' AND YEARS='2017' AND SEMESTERS='Spring'
2017-07-04 14:22:22 [INFO] [database] SELECT * FROM REPORT_TABLE WHERE CLASSES='IS-C' AND YEARS='2017' AND SEMESTERS='Spring'
2017-07-04 14:22:22 [INFO] [database] SELECT * FROM REPORT_TABLE WHERE CLASSES='IS-A' AND YEARS='2017' AND SEMESTERS='Spring'
2017-07-04 14:22:22 [INFO] [database] SELECT * FROM REPORT_TABLE WHERE CLASSES='HS-D Eng' AND YEARS='2017' AND SEMESTERS='Spring'
2017-07-04 14:22:22 [INFO] [database] SELECT * FROM REPORT_TABLE WHERE CLASSES='HS-D1' AND YEARS='2017' AND SEMESTERS='Spring'
2017-07-04 14:22:22 [INFO] [database] SELECT * FROM REPORT_TABLE WHERE CLASSES='HS-D2' AND YEARS='2017' AND SEMESTERS='Spring'
2017-07-04 14:22:22 [INFO] [database] SELECT * FROM REPORT_TABLE WHERE CLASSES='HS-C1' AND YEARS='2017' AND SEMESTERS='Spring'
2017-07-04 14:22:22 [INFO] [database] SELECT * FROM REPORT_TABLE WHERE CLASSES='HS-C2' AND YEARS='2017' AND SEMESTERS='Spring'
2017-07-04 14:22:22 [INFO] [database] SELECT * FROM REPORT_TABLE WHERE CLASSES='HS-B' AND YEARS='2017' AND SEMESTERS='Spring'
2017-07-04 14:22:26 [INFO] [database] SELECT * FROM REPORT_TABLE WHERE CLASSES='HS-D2' AND YEARS='2017' AND SEMESTERS='Spring'
2017-07-04 14:22:26 [INFO] [database] SELECT * FROM REPORT_TABLE WHERE CLASSES='PS-B' AND YEARS='2017' AND SEMESTERS='Spring'
2017-07-04 14:22:26 [INFO] [database] SELECT * FROM REPORT_TABLE WHERE CLASSES='PS-A' AND YEARS='2017' AND SEMESTERS='Spring'
2017-07-04 14:22:26 [INFO] [database] SELECT * FROM REPORT_TABLE WHERE CLASSES='IS-C' AND YEARS='2017' AND SEMESTERS='Spring'
2017-07-04 14:22:26 [INFO] [database] SELECT * FROM REPORT_TABLE WHERE CLASSES='IS-A' AND YEARS='2017' AND SEMESTERS='Spring'
2017-07-04 14:22:26 [INFO] [database] SELECT * FROM REPORT_TABLE WHERE CLASSES='HS-D Eng' AND YEARS='2017' AND SEMESTERS='Spring'
2017-07-04 14:22:26 [INFO] [database] SELECT * FROM REPORT_TABLE WHERE CLASSES='HS-D1' AND YEARS='2017' AND SEMESTERS='Spring'
2017-07-04 14:22:26 [INFO] [database] SELECT * FROM REPORT_TABLE WHERE CLASSES='HS-D2' AND YEARS='2017' AND SEMESTERS='Spring'
2017-07-04 14:22:26 [INFO] [database] SELECT * FROM REPORT_TABLE WHERE CLASSES='HS-C1' AND YEARS='2017' AND SEMESTERS='Spring'
2017-07-04 14:22:26 [INFO] [database] SELECT * FROM REPORT_TABLE WHERE CLASSES='HS-C2' AND YEARS='2017' AND SEMESTERS='Spring'
2017-07-04 14:22:26 [INFO] [database] SELECT * FROM REPORT_TABLE WHERE CLASSES='HS-B' AND YEARS='2017' AND SEMESTERS='Spring'
2017-07-04 14:22:44 [INFO] [database] SELECT * FROM REPORT_TABLE WHERE CLASSES='HS-C1' AND YEARS='2017' AND SEMESTERS='Spring'
2017-07-04 14:22:44 [INFO] [database] SELECT * FROM REPORT_TABLE WHERE CLASSES='PS-B' AND YEARS='2017' AND SEMESTERS='Spring'
2017-07-04 14:22:44 [INFO] [database] SELECT * FROM REPORT_TABLE WHERE CLASSES='PS-A' AND YEARS='2017' AND SEMESTERS='Spring'
2017-07-04 14:22:44 [INFO] [database] SELECT * FROM REPORT_TABLE WHERE CLASSES='IS-C' AND YEARS='2017' AND SEMESTERS='Spring'
2017-07-04 14:22:44 [INFO] [database] SELECT * FROM REPORT_TABLE WHERE CLASSES='IS-A' AND YEARS='2017' AND SEMESTERS='Spring'
2017-07-04 14:22:44 [INFO] [database] SELECT * FROM REPORT_TABLE WHERE CLASSES='HS-D Eng' AND YEARS='2017' AND SEMESTERS='Spring'
2017-07-04 14:22:44 [INFO] [database] SELECT * FROM REPORT_TABLE WHERE CLASSES='HS-D1' AND YEARS='2017' AND SEMESTERS='Spring'
2017-07-04 14:22:44 [INFO] [database] SELECT * FROM REPORT_TABLE WHERE CLASSES='HS-D2' AND YEARS='2017' AND SEMESTERS='Spring'
2017-07-04 14:22:44 [INFO] [database] SELECT * FROM REPORT_TABLE WHERE CLASSES='HS-C1' AND YEARS='2017' AND SEMESTERS='Spring'
2017-07-04 14:22:44 [INFO] [database] SELECT * FROM REPORT_TABLE WHERE CLASSES='HS-C2' AND YEARS='2017' AND SEMESTERS='Spring'
2017-07-04 14:22:44 [INFO] [database] SELECT * FROM REPORT_TABLE WHERE CLASSES='HS-B' AND YEARS='2017' AND SEMESTERS='Spring'
2017-07-04 14:22:48 [INFO] [database] SELECT * FROM REPORT_TABLE WHERE CLASSES='HS-C2' AND YEARS='2017' AND SEMESTERS='Spring'
2017-07-04 14:22:48 [INFO] [database] SELECT * FROM REPORT_TABLE WHERE CLASSES='PS-B' AND YEARS='2017' AND SEMESTERS='Spring'
2017-07-04 14:22:48 [INFO] [database] SELECT * FROM REPORT_TABLE WHERE CLASSES='PS-A' AND YEARS='2017' AND SEMESTERS='Spring'
2017-07-04 14:22:48 [INFO] [database] SELECT * FROM REPORT_TABLE WHERE CLASSES='IS-C' AND YEARS='2017' AND SEMESTERS='Spring'
2017-07-04 14:22:48 [INFO] [database] SELECT * FROM REPORT_TABLE WHERE CLASSES='IS-A' AND YEARS='2017' AND SEMESTERS='Spring'
2017-07-04 14:22:48 [INFO] [database] SELECT * FROM REPORT_TABLE WHERE CLASSES='HS-D Eng' AND YEARS='2017' AND SEMESTERS='Spring'
2017-07-04 14:22:48 [INFO] [database] SELECT * FROM REPORT_TABLE WHERE CLASSES='HS-D1' AND YEARS='2017' AND SEMESTERS='Spring'
2017-07-04 14:22:48 [INFO] [database] SELECT * FROM REPORT_TABLE WHERE CLASSES='HS-D2' AND YEARS='2017' AND SEMESTERS='Spring'
2017-07-04 14:22:48 [INFO] [database] SELECT * FROM REPORT_TABLE WHERE CLASSES='HS-C1' AND YEARS='2017' AND SEMESTERS='Spring'
2017-07-04 14:22:48 [INFO] [database] SELECT * FROM REPORT_TABLE WHERE CLASSES='HS-C2' AND YEARS='2017' AND SEMESTERS='Spring'
2017-07-04 14:22:48 [INFO] [database] SELECT * FROM REPORT_TABLE WHERE CLASSES='HS-B' AND YEARS='2017' AND SEMESTERS='Spring'
2017-07-04 14:22:54 [INFO] [database] SELECT * FROM REPORT_TABLE WHERE CLASSES='HS-B' AND YEARS='2017' AND SEMESTERS='Spring'
2017-07-04 14:22:54 [INFO] [database] SELECT * FROM REPORT_TABLE WHERE CLASSES='PS-B' AND YEARS='2017' AND SEMESTERS='Spring'
2017-07-04 14:22:54 [INFO] [database] SELECT * FROM REPORT_TABLE WHERE CLASSES='PS-A' AND YEARS='2017' AND SEMESTERS='Spring'
2017-07-04 14:22:54 [INFO] [database] SELECT * FROM REPORT_TABLE WHERE CLASSES='IS-C' AND YEARS='2017' AND SEMESTERS='Spring'
2017-07-04 14:22:54 [INFO] [database] SELECT * FROM REPORT_TABLE WHERE CLASSES='IS-A' AND YEARS='2017' AND SEMESTERS='Spring'
2017-07-04 14:22:54 [INFO] [database] SELECT * FROM REPORT_TABLE WHERE CLASSES='HS-D Eng' AND YEARS='2017' AND SEMESTERS='Spring'
2017-07-04 14:22:54 [INFO] [database] SELECT * FROM REPORT_TABLE WHERE CLASSES='HS-D1' AND YEARS='2017' AND SEMESTERS='Spring'
2017-07-04 14:22:54 [INFO] [database] SELECT * FROM REPORT_TABLE WHERE CLASSES='HS-D2' AND YEARS='2017' AND SEMESTERS='Spring'
2017-07-04 14:22:54 [INFO] [database] SELECT * FROM REPORT_TABLE WHERE CLASSES='HS-C1' AND YEARS='2017' AND SEMESTERS='Spring'
2017-07-04 14:22:54 [INFO] [database] SELECT * FROM REPORT_TABLE WHERE CLASSES='HS-C2' AND YEARS='2017' AND SEMESTERS='Spring'
2017-07-04 14:22:54 [INFO] [database] SELECT * FROM REPORT_TABLE WHERE CLASSES='HS-B' AND YEARS='2017' AND SEMESTERS='Spring'
